Vendor:  Continuum Analytics, Inc.
Package: mkl
Message: trial mode expires in 30 days
/om/project/voice/env/voice_env/lib/python2.7/site-packages/Crypto/Util/number.py:57: PowmInsecureWarning: Not using mpz_powm_sec.  You should rebuild using libgmp >= 5 to avoid timing attack vulnerability.
  _warn("Not using mpz_powm_sec.  You should rebuild using libgmp >= 5 to avoid timing attack vulnerability.", PowmInsecureWarning)
Converting /om/project/voice/mri/openfmri/voice_999b/BOLD/task002_run001/bold
/om/project/voice/mri/openfmri/voice_999b/BOLD/task002_run001
nii.gz
mri_convert
Traceback (most recent call last):
  File "dicomconvert2.py", line 366, in <module>
    queue=args.queue)
  File "dicomconvert2.py", line 331, in convert_dicoms
    convert(cinfo, converter=converter)
  File "dicomconvert2.py", line 233, in convert
    convertnode = Node(MRIConvert(), name = 'convert')
  File "/om/project/voice/env/voice_env/lib/python2.7/site-packages/nipype/interfaces/freesurfer/base.py", line 105, in __init__
    self.inputs.subjects_dir = self._subjects_dir
  File "/om/project/voice/env/voice_env/lib/python2.7/site-packages/nipype/interfaces/traits_extension.py", line 168, in validate
    self.error( object, name, value )
  File "/om/project/voice/env/voice_env/lib/python2.7/site-packages/traits/trait_handlers.py", line 169, in error
    value )
traits.trait_errors.TraitError: The 'subjects_dir' trait of a MRIConvertInputSpec instance must be an existing directory name, but a value of '/om/project/voice/mri/surfaces/' <type 'str'> was specified.
